*****************************************************************************
ParFlow Output Log
	Version         : v3.11.0
	Compiled on     : Sep  7 2022 14:45:49
*****************************************************************************
==============================================
BEGIN Log Info (SolverRichards)

Transient Problem Solved.
-------------------------

Total Timesteps: 1

-------------------------
Sequence #       Time         \Delta t         Dumpfile #   Recompute?
----------   ------------   ------------ -     ----------   ----------
  000000     0.000000e+00   0.000000e+00 i       000000          n
  000001     1.000000e+00   1.000000e+00 f       000001          y

Overland flow Results
  000000     0.000000e+00   0.000000e+00
  000001     1.000000e+00   1.000000e+00

END Log Info
==============================================
==============================================
BEGIN Log Info (Globals)

Run Name: /home/leonardo/Documents/Codes_git/Water-alliance/Codes/Lombardy
Logging Level = 1
Num processes = 1
Process grid = (1,1,1)

END Log Info
==============================================
==============================================
BEGIN Log Info (Timing)

Solver Setup:
  wall clock time   = 0.184400 seconds
  wall MFLOPS = 0.000000 (0)
Solver:
  wall clock time   = 4.236000 seconds
  wall MFLOPS = 0.188688 (799281)
Richards Exclude 1st Time Step:
  wall clock time   = 0.000000 seconds
  wall MFLOPS = 0.000000 (0)
Solver Cleanup:
  wall clock time   = 0.019500 seconds
  wall MFLOPS = 0.000000 (0)
Matvec:
  wall clock time   = 0.000000 seconds
  wall MFLOPS = 0.000000 (0)
PFSB I/O:
  wall clock time   = 0.000000 seconds
  wall MFLOPS = 0.000000 (0)
PFB I/O:
  wall clock time   = 0.358100 seconds
  wall MFLOPS = 0.000000 (0)
CLM:
  wall clock time   = 0.000000 seconds
  wall MFLOPS = 0.000000 (0)
PFSOL Read:
  wall clock time   = 0.133100 seconds
  wall MFLOPS = 0.000000 (0)
Clustering:
  wall clock time   = 2.711800 seconds
  wall MFLOPS = 0.000000 (0)
Permeability Face:
  wall clock time   = 0.000000 seconds
  wall MFLOPS = 0.000000 (0)
Godunov Advection:
  wall clock time   = 0.000000 seconds
  wall MFLOPS = 0.000000 (0)
Geometries:
  wall clock time   = 1.804300 seconds
  wall MFLOPS = 0.000000 (0)
SubsrfSim:
  wall clock time   = 0.016200 seconds
  wall MFLOPS = 0.000000 (0)
Porosity:
  wall clock time   = 0.004200 seconds
  wall MFLOPS = 0.000000 (0)
PhaseRelPerm:
  wall clock time   = 0.042700 seconds
  wall MFLOPS = 0.000023 (1)
PFMG:
  wall clock time   = 0.000000 seconds
  wall MFLOPS = 0.000000 (0)
HYPRE_Copies:
  wall clock time   = 0.000000 seconds
  wall MFLOPS = 0.000000 (0)
NL_F_Eval:
  wall clock time   = 0.146500 seconds
  wall MFLOPS = 0.000007 (1)
KINSol:
  wall clock time   = 0.155900 seconds
  wall MFLOPS = 5.126883 (799281)

END Log Info
==============================================
==============================================
BEGIN Log Info (ParFlow Total Time)

Total Run Time: 4.458100 seconds

Maximum memory used on processor 0 : 435 MB


BEGIN(Contents of /proc/58531/status)
Name:	parflow
Umask:	0002
State:	R (running)
Tgid:	58531
Ngid:	0
Pid:	58531
PPid:	58527
TracerPid:	0
Uid:	1000	1000	1000	1000
Gid:	1000	1000	1000	1000
FDSize:	128
Groups:	4 24 27 30 46 120 131 132 1000 
NStgid:	58531
NSpid:	58531
NSpgid:	58531
NSsid:	42416
VmPeak:	  655220 kB
VmSize:	  270480 kB
VmLck:	       0 kB
VmPin:	       0 kB
VmHWM:	  152540 kB
VmRSS:	  105712 kB
RssAnon:	   95136 kB
RssFile:	   10576 kB
RssShmem:	       0 kB
VmData:	  113444 kB
VmStk:	     136 kB
VmExe:	    3800 kB
VmLib:	    9580 kB
VmPTE:	     284 kB
VmSwap:	       0 kB
HugetlbPages:	       0 kB
CoreDumping:	0
THP_enabled:	1
Threads:	3
SigQ:	0/30956
SigPnd:	0000000000000000
ShdPnd:	0000000000000000
SigBlk:	0000000000000000
SigIgn:	0000000000000000
SigCgt:	00000001800004e0
CapInh:	0000000000000000
CapPrm:	0000000000000000
CapEff:	0000000000000000
CapBnd:	000001ffffffffff
CapAmb:	0000000000000000
NoNewPrivs:	0
Seccomp:	0
Seccomp_filters:	0
Speculation_Store_Bypass:	thread vulnerable
SpeculationIndirectBranch:	conditional enabled
Cpus_allowed:	11
Cpus_allowed_list:	0,4
Mems_allowed:	00000000,00000000,00000000,00000000,00000000,00000000,00000000,00000000,00000000,00000000,00000000,00000000,00000000,00000000,00000000,00000000,00000000,00000000,00000000,00000000,00000000,00000000,00000000,00000000,00000000,00000000,00000000,00000000,00000000,00000000,00000000,00000001
Mems_allowed_list:	0
voluntary_ctxt_switches:	151
nonvoluntary_ctxt_switches:	32


END(Contents of /proc/58531/status)

Memory in use : 3 MB in 187 allocs, 92 MB reserved ( 90 unused)


END Log Info
==============================================
